<?xml version="1.0" encoding="UTF-8"?>
<!-- Generated by org.testng.reporters.JUnitXMLReporter -->
<testsuite ignored="0" hostname="LAPTOP-DOM19MQO" failures="0" tests="6" name="Loan" time="0.041" errors="0" timestamp="2024-02-09T15:27:44 IST">
  <testcase classname="Day2" name="LoginAPICarLoan" time="0.003"/>
  <testcase classname="Day2" name="MobileLoginCarLoan" time="0.002"/>
  <testcase classname="Day2" name="WebLoginCarLoan" time="0.003"/>
  <testcase classname="Day3" name="LoginAPIHomeLoan" time="0.003"/>
  <testcase classname="Day3" name="MobileLoginHomeLoan" time="0.003"/>
  <testcase classname="Day3" name="WebLoginHomeLoan" time="0.003"/>
</testsuite> <!-- Loan -->
