<?xml version="1.0" encoding="UTF-8"?>
<!-- Generated by org.testng.reporters.JUnitXMLReporter -->
<testsuite ignored="1" hostname="LAPTOP-DOM19MQO" failures="0" tests="9" name="Personal Loan" time="0.121" errors="0" timestamp="2024-05-02T15:25:54 IST">
  <testcase classname="Day" name="Demo2" time="0.012"/>
  <testcase classname="Day2" name="MobileSigninCarLoan" time="0.003"/>
  <testcase classname="Day2" name="WebLoginCarLoan" time="0.001"/>
  <testcase classname="Day2" name="MobileEnterCarLoan" time="0.001"/>
  <testcase classname="Day2" name="MobileLoginCarLoan" time="0.002"/>
  <testcase classname="Day2" name="MobileSignOutCarLoan" time="0.006"/>
  <testcase classname="Day2" name="MobileSignOutCarLoan" time="0.001"/>
  <testcase classname="Day2" name="MobileSignOutCarLoan" time="0.002"/>
  <testcase classname="Day2" name="APICarLoan" time="0.001"/>
  <testcase classname="Day" name="Demo" time="0.0">
    <ignored/>
  </testcase> <!-- Demo -->
</testsuite> <!-- Personal Loan -->
