<?xml version="1.0" encoding="UTF-8"?>
<!-- Generated by org.testng.reporters.JUnitXMLReporter -->
<testsuite ignored="8" hostname="LAPTOP-DOM19MQO" failures="0" tests="3" name="Regression" time="0.091" errors="0" timestamp="2024-02-10T00:07:26 IST">
  <testcase classname="Day" name="Demo" time="0.012"/>
  <testcase classname="Day2" name="WebLoginCarLoan" time="0.002"/>
  <testcase classname="Day3" name="MobileLoginHomeLoan" time="0.002"/>
  <testcase classname="Day2" name="MobileEnterCarLoan" time="0.0">
    <ignored/>
  </testcase> <!-- MobileEnterCarLoan -->
  <testcase classname="Day2" name="MobileLoginCarLoan" time="0.0">
    <ignored/>
  </testcase> <!-- MobileLoginCarLoan -->
  <testcase classname="Day3" name="LoginAPIHomeLoan" time="0.0">
    <ignored/>
  </testcase> <!-- LoginAPIHomeLoan -->
  <testcase classname="Day2" name="MobileSigninCarLoan" time="0.0">
    <ignored/>
  </testcase> <!-- MobileSigninCarLoan -->
  <testcase classname="Day2" name="APICarLoan" time="0.0">
    <ignored/>
  </testcase> <!-- APICarLoan -->
  <testcase classname="Day3" name="WebLoginHomeLoan" time="0.0">
    <ignored/>
  </testcase> <!-- WebLoginHomeLoan -->
  <testcase classname="Day" name="Demo2" time="0.0">
    <ignored/>
  </testcase> <!-- Demo2 -->
  <testcase classname="Day2" name="MobileSignOutCarLoan" time="0.0">
    <ignored/>
  </testcase> <!-- MobileSignOutCarLoan -->
</testsuite> <!-- Regression -->
