<?xml version="1.0" encoding="UTF-8"?>
<!-- Generated by org.testng.reporters.JUnitXMLReporter -->
<testsuite ignored="1" hostname="LAPTOP-DOM19MQO" failures="0" tests="4" name="Test" time="0.086" errors="0" timestamp="2024-02-10T00:34:25 IST">
  <testcase classname="Day" name="Demo2" time="0.012"/>
  <testcase classname="Day3" name="MobileLoginHomeLoan" time="0.002"/>
  <testcase classname="Day3" name="WebLoginHomeLoan" time="0.003"/>
  <testcase classname="Day3" name="LoginAPIHomeLoan" time="0.002"/>
  <testcase classname="Day" name="Demo" time="0.0">
    <ignored/>
  </testcase> <!-- Demo -->
</testsuite> <!-- Test -->
